<?xml version="1.0" encoding="UTF-8"?>
<!-- Generated by org.testng.reporters.JUnitReportReporter -->
<testsuite hostname="DESKTOP-JAS0CHU" failures="0" tests="1" name="BasicsOfTesting.Upload" time="7.787" errors="0" timestamp="2025-07-20T16:47:01 IST" skipped="0">
  <testcase classname="BasicsOfTesting.Upload" name="uploadfile" time="7.787"/>
</testsuite> <!-- BasicsOfTesting.Upload -->
