<?xml version="1.0" encoding="UTF-8"?>
<!-- Generated by org.testng.reporters.JUnitReportReporter -->
<testsuite hostname="DESKTOP-JAS0CHU" failures="0" tests="1" name="BasicsOfTesting.KeyboardActions" time="2.158" errors="0" timestamp="2025-07-20T15:47:16 IST" skipped="0">
  <testcase classname="BasicsOfTesting.KeyboardActions" name="RobotKeyboardACtions" time="2.158"/>
</testsuite> <!-- BasicsOfTesting.KeyboardActions -->
