<?xml version="1.0" encoding="UTF-8"?>
<!-- Generated by org.testng.reporters.JUnitReportReporter -->
<testsuite hostname="DESKTOP-JAS0CHU" failures="0" tests="1" name="BasicsOfTesting.VerificationandValidation" time="2.320" errors="0" timestamp="2025-07-20T16:56:38 IST" skipped="0">
  <testcase classname="BasicsOfTesting.VerificationandValidation" name="login" time="2.320"/>
</testsuite> <!-- BasicsOfTesting.VerificationandValidation -->
