<?xml version="1.0" encoding="UTF-8"?>
<!-- Generated by org.testng.reporters.JUnitReportReporter -->
<testsuite hostname="DESKTOP-JAS0CHU" failures="0" tests="2" name="BaiscsOfTestNg.TestNg2" time="0.003" errors="0" timestamp="2025-09-06T14:34:32 IST" skipped="0">
  <testcase classname="BaiscsOfTestNg.TestNg2" name="Testcase4" time="0.002"/>
  <testcase classname="BaiscsOfTestNg.TestNg2" name="Testcase5" time="0.001"/>
</testsuite> <!-- BaiscsOfTestNg.TestNg2 -->
