<?xml version="1.0" encoding="UTF-8"?>
<!-- Generated by org.testng.reporters.JUnitReportReporter -->
<testsuite hostname="DESKTOP-JAS0CHU" failures="0" tests="1" name="Testcase.MakeMyTripFlightSearch" time="0.035" errors="0" timestamp="2025-09-06T15:04:10 IST" skipped="0">
  <testcase classname="Testcase.MakeMyTripFlightSearch" name="SearchwithValidData" time="0.035"/>
</testsuite> <!-- Testcase.MakeMyTripFlightSearch -->
