<?xml version="1.0" encoding="UTF-8"?>
<!-- Generated by org.testng.reporters.JUnitReportReporter -->
<testsuite hostname="DESKTOP-JAS0CHU" failures="0" tests="2" name="BaiscsOfTestNg.TestNG1" time="0.023" errors="0" timestamp="2025-09-06T14:34:32 IST" skipped="0">
  <testcase classname="BaiscsOfTestNg.TestNG1" name="Testcase3" time="0.018"/>
  <testcase classname="BaiscsOfTestNg.TestNG1" name="Testcase1" time="0.005"/>
</testsuite> <!-- BaiscsOfTestNg.TestNG1 -->
