<?xml version="1.0" encoding="UTF-8"?>
<!-- Generated by org.testng.reporters.JUnitReportReporter -->
<testsuite hostname="DESKTOP-JAS0CHU" failures="0" tests="1" name="BasicsOfTesting.Download" time="3.188" errors="0" timestamp="2025-07-20T16:51:31 IST" skipped="0">
  <testcase classname="BasicsOfTesting.Download" name="downloadintospecific" time="3.188"/>
</testsuite> <!-- BasicsOfTesting.Download -->
