<?xml version="1.0" encoding="UTF-8"?>
<!-- Generated by org.testng.reporters.JUnitReportReporter -->
<testsuite hostname="DESKTOP-JAS0CHU" failures="0" tests="1" name="BasicsOfTesting.SCrollactions" time="14.839" errors="0" timestamp="2025-07-20T16:43:21 IST" skipped="0">
  <testcase classname="BasicsOfTesting.SCrollactions" name="scrolllementation" time="14.839"/>
</testsuite> <!-- BasicsOfTesting.SCrollactions -->
